
> app@0.0.0 dev
> vite --host


  VITE v6.4.1  ready in 327 ms

  ➜  Local:   http://localhost:5173/
  ➜  Network: http://192.168.0.2:5173/
1:38:24 PM [vite] (client) page reload playwright-report/index.html
1:38:24 PM [vite] (client) page reload playwright-report/index.html
1:39:19 PM [vite] (client) page reload playwright-report/index.html
1:41:07 PM [vite] (client) page reload playwright-report/index.html
1:41:07 PM [vite] (client) page reload playwright-report/index.html
1:41:43 PM [vite] (client) page reload playwright-report/index.html
1:42:10 PM [vite] (client) page reload playwright-report/index.html
2:01:09 PM [vite] (client) page reload playwright-report/index.html
2:01:09 PM [vite] (client) page reload playwright-report/index.html
2:03:02 PM [vite] (client) hmr update /src/components/content/ContentBoard.tsx, /src/index.css
2:03:14 PM [vite] (client) page reload playwright-report/index.html
2:03:56 PM [vite] (client) hmr update /src/index.css, /src/pages/Dashboard.tsx
2:04:07 PM [vite] (client) page reload playwright-report/index.html
2:06:17 PM [vite] (client) hmr update /src/components/content/PipelineDragOrchestrator.tsx, /src/index.css
2:07:33 PM [vite] (client) page reload playwright-report/index.html
2:07:33 PM [vite] (client) page reload playwright-report/index.html
2:09:10 PM [vite] (client) hmr update /src/index.css, /src/pages/Dashboard.tsx
2:09:26 PM [vite] (client) page reload playwright-report/index.html
2:10:26 PM [vite] (client) page reload playwright-report/index.html
2:11:44 PM [vite] (client) page reload playwright-report/index.html
2:15:50 PM [vite] (client) hmr update /src/components/content/stream/StreamBoard.tsx, /src/index.css
2:15:58 PM [vite] (client) hmr update /src/components/content/split/SplitBoard.tsx, /src/index.css
2:17:24 PM [vite] (client) hmr update /src/index.css, /src/pages/Dashboard.tsx
